c:\users\labpc\desktop\mfc_opengl_client\x64\debug\mfc_opengl_client.pch
c:\users\labpc\desktop\mfc_opengl_client\x64\debug\vc143.pdb
c:\users\labpc\desktop\mfc_opengl_client\x64\debug\vc143.idb
c:\users\labpc\desktop\mfc_opengl_client\x64\debug\pch.obj
c:\users\labpc\desktop\mfc_opengl_client\x64\debug\mfc_opengl_clientdlg.obj
c:\users\labpc\desktop\mfc_opengl_client\x64\debug\mfc_opengl_client.obj
c:\users\labpc\desktop\mfc_opengl_client\x64\debug\connectserver.obj
c:\users\labpc\desktop\mfc_opengl_client\x64\debug\mfc_opengl_client.exe
c:\users\labpc\desktop\mfc_opengl_client\x64\debug\mfc_opengl_client.ilk
c:\users\labpc\desktop\mfc_opengl_client\x64\debug\mfc_opengl_client.pdb
c:\users\labpc\desktop\mfc_opengl_client\x64\debug\mfcopenglclient.res
c:\users\labpc\desktop\mfc_opengl_client\x64\debug\connectsocket.obj
c:\users\labpc\desktop\mfc_opengl_client\x64\debug\mfc_open.6a9b8c24.tlog\cl.command.1.tlog
c:\users\labpc\desktop\mfc_opengl_client\x64\debug\mfc_open.6a9b8c24.tlog\cl.read.1.tlog
c:\users\labpc\desktop\mfc_opengl_client\x64\debug\mfc_open.6a9b8c24.tlog\cl.write.1.tlog
c:\users\labpc\desktop\mfc_opengl_client\x64\debug\mfc_open.6a9b8c24.tlog\link.command.1.tlog
c:\users\labpc\desktop\mfc_opengl_client\x64\debug\mfc_open.6a9b8c24.tlog\link.read.1.tlog
c:\users\labpc\desktop\mfc_opengl_client\x64\debug\mfc_open.6a9b8c24.tlog\link.write.1.tlog
c:\users\labpc\desktop\mfc_opengl_client\x64\debug\mfc_open.6a9b8c24.tlog\rc.command.1.tlog
c:\users\labpc\desktop\mfc_opengl_client\x64\debug\mfc_open.6a9b8c24.tlog\rc.read.1.tlog
c:\users\labpc\desktop\mfc_opengl_client\x64\debug\mfc_open.6a9b8c24.tlog\rc.write.1.tlog
